# JRE version: OpenJDK Runtime Environment (14.0.1+14) (build 14.0.1+14)
# Java VM: OpenJDK 64-Bit Server VM (14.0.1+14, mixed mode, sharing, tiered, compressed oops, g1 gc, bsd-amd64)
Heap:
 garbage-first heap   total 45056K, used 13023K [0x0000000700000000, 0x0000000800000000)
  region size 1024K, 6 young (6144K), 3 survivors (3072K)
 Metaspace       used 24571K, capacity 26368K, committed 26624K, reserved 1071104K
  class space    used 3292K, capacity 4013K, committed 4096K, reserved 1048576K
GC Heap History (8 events):
Event: 0.810 GC heap before
{Heap before GC invocations=0 (full 0):
 garbage-first heap   total 264192K, used 23352K [0x0000000700000000, 0x0000000800000000)
  region size 1024K, 23 young (23552K), 0 survivors (0K)
 Metaspace       used 10835K, capacity 11205K, committed 11520K, reserved 1058816K
  class space    used 1331K, capacity 1480K, committed 1536K, reserved 1048576K
}
Event: 0.815 GC heap after
{Heap after GC invocations=1 (full 0):
 garbage-first heap   total 264192K, used 5748K [0x0000000700000000, 0x0000000800000000)
  region size 1024K, 3 young (3072K), 3 survivors (3072K)
 Metaspace       used 10835K, capacity 11205K, committed 11520K, reserved 1058816K
  class space    used 1331K, capacity 1480K, committed 1536K, reserved 1048576K
}
Event: 2.054 GC heap before
{Heap before GC invocations=1 (full 0):
 garbage-first heap   total 264192K, used 33396K [0x0000000700000000, 0x0000000800000000)
  region size 1024K, 32 young (32768K), 3 survivors (3072K)
 Metaspace       used 20379K, capacity 21089K, committed 21248K, reserved 1067008K
  class space    used 2526K, capacity 2809K, committed 2816K, reserved 1048576K
}
Event: 2.058 GC heap after
{Heap after GC invocations=2 (full 0):
 garbage-first heap   total 264192K, used 9003K [0x0000000700000000, 0x0000000800000000)
  region size 1024K, 4 young (4096K), 4 survivors (4096K)
 Metaspace       used 20379K, capacity 21089K, committed 21248K, reserved 1067008K
  class space    used 2526K, capacity 2809K, committed 2816K, reserved 1048576K
}
Event: 2.365 GC heap before
{Heap before GC invocations=3 (full 0):
 garbage-first heap   total 45056K, used 31531K [0x0000000700000000, 0x0000000800000000)
  region size 1024K, 26 young (26624K), 4 survivors (4096K)
 Metaspace       used 22991K, capacity 24662K, committed 24832K, reserved 1071104K
  class space    used 3116K, capacity 3821K, committed 3840K, reserved 1048576K
}
Event: 2.369 GC heap after
{Heap after GC invocations=4 (full 0):
 garbage-first heap   total 45056K, used 9798K [0x0000000700000000, 0x0000000800000000)
  region size 1024K, 2 young (2048K), 2 survivors (2048K)
 Metaspace       used 22991K, capacity 24662K, committed 24832K, reserved 1071104K
  class space    used 3116K, capacity 3821K, committed 3840K, reserved 1048576K
}
Event: 11.009 GC heap before
{Heap before GC invocations=4 (full 0):
 garbage-first heap   total 45056K, used 28230K [0x0000000700000000, 0x0000000800000000)
  region size 1024K, 20 young (20480K), 2 survivors (2048K)
 Metaspace       used 24383K, capacity 26134K, committed 26368K, reserved 1071104K
  class space    used 3272K, capacity 3985K, committed 4096K, reserved 1048576K
}
Event: 11.011 GC heap after
{Heap after GC invocations=5 (full 0):
 garbage-first heap   total 45056K, used 10975K [0x0000000700000000, 0x0000000800000000)
  region size 1024K, 3 young (3072K), 3 survivors (3072K)
 Metaspace       used 24383K, capacity 26134K, committed 26368K, reserved 1071104K
  class space    used 3272K, capacity 3985K, committed 4096K, reserved 1048576K
}

