# JRE version: OpenJDK Runtime Environment (14.0.1+14) (build 14.0.1+14)
# Java VM: OpenJDK 64-Bit Server VM (14.0.1+14, mixed mode, sharing, tiered, compressed oops, g1 gc, bsd-amd64)
Heap:
 garbage-first heap   total 473088K, used 186424K [0x0000000700000000, 0x0000000800000000)
  region size 1024K, 33 young (33792K), 22 survivors (22528K)
 Metaspace       used 37713K, capacity 40296K, committed 40704K, reserved 1083392K
  class space    used 4969K, capacity 6019K, committed 6144K, reserved 1048576K
GC Heap History (20 events):
Event: 60.160 GC heap before
{Heap before GC invocations=35 (full 0):
 garbage-first heap   total 304128K, used 85678K [0x0000000700000000, 0x0000000800000000)
  region size 1024K, 7 young (7168K), 1 survivors (1024K)
 Metaspace       used 36519K, capacity 39051K, committed 39168K, reserved 1083392K
  class space    used 4895K, capacity 5886K, committed 5888K, reserved 1048576K
}
Event: 60.161 GC heap after
{Heap after GC invocations=36 (full 0):
 garbage-first heap   total 304128K, used 81652K [0x0000000700000000, 0x0000000800000000)
  region size 1024K, 1 young (1024K), 1 survivors (1024K)
 Metaspace       used 36519K, capacity 39051K, committed 39168K, reserved 1083392K
  class space    used 4895K, capacity 5886K, committed 5888K, reserved 1048576K
}
Event: 60.198 GC heap before
{Heap before GC invocations=37 (full 0):
 garbage-first heap   total 296960K, used 88820K [0x0000000700000000, 0x0000000800000000)
  region size 1024K, 5 young (5120K), 1 survivors (1024K)
 Metaspace       used 36524K, capacity 39040K, committed 39168K, reserved 1083392K
  class space    used 4892K, capacity 5882K, committed 5888K, reserved 1048576K
}
Event: 60.200 GC heap after
{Heap after GC invocations=38 (full 0):
 garbage-first heap   total 296960K, used 87031K [0x0000000700000000, 0x0000000800000000)
  region size 1024K, 1 young (1024K), 1 survivors (1024K)
 Metaspace       used 36524K, capacity 39040K, committed 39168K, reserved 1083392K
  class space    used 4892K, capacity 5882K, committed 5888K, reserved 1048576K
}
Event: 60.753 GC heap before
{Heap before GC invocations=39 (full 0):
 garbage-first heap   total 296960K, used 247799K [0x0000000700000000, 0x0000000800000000)
  region size 1024K, 117 young (119808K), 1 survivors (1024K)
 Metaspace       used 36881K, capacity 39435K, committed 39680K, reserved 1083392K
  class space    used 4910K, capacity 5882K, committed 5888K, reserved 1048576K
}
Event: 60.759 GC heap after
{Heap after GC invocations=40 (full 0):
 garbage-first heap   total 296960K, used 147977K [0x0000000700000000, 0x0000000800000000)
  region size 1024K, 15 young (15360K), 15 survivors (15360K)
 Metaspace       used 36881K, capacity 39435K, committed 39680K, reserved 1083392K
  class space    used 4910K, capacity 5882K, committed 5888K, reserved 1048576K
}
Event: 60.762 GC heap before
{Heap before GC invocations=40 (full 0):
 garbage-first heap   total 296960K, used 147977K [0x0000000700000000, 0x0000000800000000)
  region size 1024K, 17 young (17408K), 15 survivors (15360K)
 Metaspace       used 36883K, capacity 39435K, committed 39680K, reserved 1083392K
  class space    used 4910K, capacity 5882K, committed 5888K, reserved 1048576K
}
Event: 60.772 GC heap after
{Heap after GC invocations=41 (full 0):
 garbage-first heap   total 361472K, used 101287K [0x0000000700000000, 0x0000000800000000)
  region size 1024K, 1 young (1024K), 1 survivors (1024K)
 Metaspace       used 36883K, capacity 39435K, committed 39680K, reserved 1083392K
  class space    used 4910K, capacity 5882K, committed 5888K, reserved 1048576K
}
Event: 60.773 GC heap before
{Heap before GC invocations=41 (full 0):
 garbage-first heap   total 361472K, used 102311K [0x0000000700000000, 0x0000000800000000)
  region size 1024K, 3 young (3072K), 1 survivors (1024K)
 Metaspace       used 36883K, capacity 39435K, committed 39680K, reserved 1083392K
  class space    used 4910K, capacity 5882K, committed 5888K, reserved 1048576K
}
Event: 60.776 GC heap after
{Heap after GC invocations=42 (full 0):
 garbage-first heap   total 361472K, used 101014K [0x0000000700000000, 0x0000000800000000)
  region size 1024K, 1 young (1024K), 1 survivors (1024K)
 Metaspace       used 36883K, capacity 39435K, committed 39680K, reserved 1083392K
  class space    used 4910K, capacity 5882K, committed 5888K, reserved 1048576K
}
Event: 60.824 GC heap before
{Heap before GC invocations=43 (full 0):
 garbage-first heap   total 361472K, used 115350K [0x0000000700000000, 0x0000000800000000)
  region size 1024K, 11 young (11264K), 1 survivors (1024K)
 Metaspace       used 36912K, capacity 39438K, committed 39680K, reserved 1083392K
  class space    used 4910K, capacity 5882K, committed 5888K, reserved 1048576K
}
Event: 60.826 GC heap after
{Heap after GC invocations=44 (full 0):
 garbage-first heap   total 361472K, used 108884K [0x0000000700000000, 0x0000000800000000)
  region size 1024K, 3 young (3072K), 3 survivors (3072K)
 Metaspace       used 36912K, capacity 39438K, committed 39680K, reserved 1083392K
  class space    used 4910K, capacity 5882K, committed 5888K, reserved 1048576K
}
Event: 60.880 GC heap before
{Heap before GC invocations=45 (full 0):
 garbage-first heap   total 361472K, used 126292K [0x0000000700000000, 0x0000000800000000)
  region size 1024K, 20 young (20480K), 3 survivors (3072K)
 Metaspace       used 36924K, capacity 39438K, committed 39680K, reserved 1083392K
  class space    used 4910K, capacity 5882K, committed 5888K, reserved 1048576K
}
Event: 60.882 GC heap after
{Heap after GC invocations=46 (full 0):
 garbage-first heap   total 361472K, used 106456K [0x0000000700000000, 0x0000000800000000)
  region size 1024K, 6 young (6144K), 6 survivors (6144K)
 Metaspace       used 36924K, capacity 39438K, committed 39680K, reserved 1083392K
  class space    used 4910K, capacity 5882K, committed 5888K, reserved 1048576K
}
Event: 61.046 GC heap before
{Heap before GC invocations=47 (full 0):
 garbage-first heap   total 361472K, used 291800K [0x0000000700000000, 0x0000000800000000)
  region size 1024K, 168 young (172032K), 6 survivors (6144K)
 Metaspace       used 37130K, capacity 39632K, committed 39936K, reserved 1083392K
  class space    used 4911K, capacity 5882K, committed 5888K, reserved 1048576K
}
Event: 61.051 GC heap after
{Heap after GC invocations=48 (full 0):
 garbage-first heap   total 361472K, used 176120K [0x0000000700000000, 0x0000000800000000)
  region size 1024K, 21 young (21504K), 21 survivors (21504K)
 Metaspace       used 37130K, capacity 39632K, committed 39936K, reserved 1083392K
  class space    used 4911K, capacity 5882K, committed 5888K, reserved 1048576K
}
Event: 61.052 GC heap before
{Heap before GC invocations=48 (full 0):
 garbage-first heap   total 361472K, used 177144K [0x0000000700000000, 0x0000000800000000)
  region size 1024K, 23 young (23552K), 21 survivors (21504K)
 Metaspace       used 37132K, capacity 39632K, committed 39936K, reserved 1083392K
  class space    used 4911K, capacity 5882K, committed 5888K, reserved 1048576K
}
Event: 61.059 GC heap after
{Heap after GC invocations=49 (full 0):
 garbage-first heap   total 473088K, used 141968K [0x0000000700000000, 0x0000000800000000)
  region size 1024K, 2 young (2048K), 2 survivors (2048K)
 Metaspace       used 37132K, capacity 39632K, committed 39936K, reserved 1083392K
  class space    used 4911K, capacity 5882K, committed 5888K, reserved 1048576K
}
Event: 66.197 GC heap before
{Heap before GC invocations=49 (full 0):
 garbage-first heap   total 473088K, used 218768K [0x0000000700000000, 0x0000000800000000)
  region size 1024K, 79 young (80896K), 2 survivors (2048K)
 Metaspace       used 37313K, capacity 39871K, committed 40064K, reserved 1083392K
  class space    used 4918K, capacity 5894K, committed 6016K, reserved 1048576K
}
Event: 66.206 GC heap after
{Heap after GC invocations=50 (full 0):
 garbage-first heap   total 473088K, used 174136K [0x0000000700000000, 0x0000000800000000)
  region size 1024K, 22 young (22528K), 22 survivors (22528K)
 Metaspace       used 37313K, capacity 39871K, committed 40064K, reserved 1083392K
  class space    used 4918K, capacity 5894K, committed 6016K, reserved 1048576K
}

