# JRE version: OpenJDK Runtime Environment (14.0.1+14) (build 14.0.1+14)
# Java VM: OpenJDK 64-Bit Server VM (14.0.1+14, mixed mode, sharing, tiered, compressed oops, g1 gc, bsd-amd64)
Heap:
 garbage-first heap   total 529408K, used 231164K [0x0000000700000000, 0x0000000800000000)
  region size 1024K, 43 young (44032K), 38 survivors (38912K)
 Metaspace       used 37758K, capacity 40423K, committed 40704K, reserved 1083392K
  class space    used 4988K, capacity 6040K, committed 6144K, reserved 1048576K
GC Heap History (20 events):
Event: 32.245 GC heap before
{Heap before GC invocations=27 (full 0):
 garbage-first heap   total 88064K, used 69178K [0x0000000700000000, 0x0000000800000000)
  region size 1024K, 6 young (6144K), 1 survivors (1024K)
 Metaspace       used 32203K, capacity 34514K, committed 34816K, reserved 1079296K
  class space    used 4214K, capacity 5086K, committed 5120K, reserved 1048576K
}
Event: 32.247 GC heap after
{Heap after GC invocations=28 (full 0):
 garbage-first heap   total 88064K, used 70970K [0x0000000700000000, 0x0000000800000000)
  region size 1024K, 1 young (1024K), 1 survivors (1024K)
 Metaspace       used 32203K, capacity 34514K, committed 34816K, reserved 1079296K
  class space    used 4214K, capacity 5086K, committed 5120K, reserved 1048576K
}
Event: 32.248 GC heap before
{Heap before GC invocations=28 (full 0):
 garbage-first heap   total 88064K, used 75066K [0x0000000700000000, 0x0000000800000000)
  region size 1024K, 6 young (6144K), 1 survivors (1024K)
 Metaspace       used 32211K, capacity 34517K, committed 34816K, reserved 1079296K
  class space    used 4216K, capacity 5087K, committed 5120K, reserved 1048576K
}
Event: 32.250 GC heap after
{Heap after GC invocations=29 (full 0):
 garbage-first heap   total 88064K, used 76344K [0x0000000700000000, 0x0000000800000000)
  region size 1024K, 1 young (1024K), 1 survivors (1024K)
 Metaspace       used 32211K, capacity 34517K, committed 34816K, reserved 1079296K
  class space    used 4216K, capacity 5087K, committed 5120K, reserved 1048576K
}
Event: 32.251 GC heap before
{Heap before GC invocations=29 (full 0):
 garbage-first heap   total 88064K, used 80440K [0x0000000700000000, 0x0000000800000000)
  region size 1024K, 6 young (6144K), 1 survivors (1024K)
 Metaspace       used 32220K, capacity 34525K, committed 34816K, reserved 1079296K
  class space    used 4218K, capacity 5090K, committed 5120K, reserved 1048576K
}
Event: 32.254 GC heap after
{Heap after GC invocations=30 (full 0):
 garbage-first heap   total 92160K, used 84536K [0x0000000700000000, 0x0000000800000000)
  region size 1024K, 1 young (1024K), 1 survivors (1024K)
 Metaspace       used 32220K, capacity 34525K, committed 34816K, reserved 1079296K
  class space    used 4218K, capacity 5090K, committed 5120K, reserved 1048576K
}
Event: 32.289 GC heap before
{Heap before GC invocations=31 (full 0):
 garbage-first heap   total 92160K, used 89656K [0x0000000700000000, 0x0000000800000000)
  region size 1024K, 6 young (6144K), 1 survivors (1024K)
 Metaspace       used 32571K, capacity 34859K, committed 35200K, reserved 1079296K
  class space    used 4297K, capacity 5176K, committed 5248K, reserved 1048576K
}
Event: 32.292 GC heap after
{Heap after GC invocations=32 (full 0):
 garbage-first heap   total 223232K, used 85202K [0x0000000700000000, 0x0000000800000000)
  region size 1024K, 1 young (1024K), 1 survivors (1024K)
 Metaspace       used 32571K, capacity 34859K, committed 35200K, reserved 1079296K
  class space    used 4297K, capacity 5176K, committed 5248K, reserved 1048576K
}
Event: 32.942 GC heap before
{Heap before GC invocations=32 (full 0):
 garbage-first heap   total 223232K, used 156882K [0x0000000700000000, 0x0000000800000000)
  region size 1024K, 69 young (70656K), 1 survivors (1024K)
 Metaspace       used 36701K, capacity 39239K, committed 39552K, reserved 1083392K
  class space    used 4928K, capacity 5929K, committed 6016K, reserved 1048576K
}
Event: 32.946 GC heap after
{Heap after GC invocations=33 (full 0):
 garbage-first heap   total 223232K, used 97338K [0x0000000700000000, 0x0000000800000000)
  region size 1024K, 9 young (9216K), 9 survivors (9216K)
 Metaspace       used 36701K, capacity 39239K, committed 39552K, reserved 1083392K
  class space    used 4928K, capacity 5929K, committed 6016K, reserved 1048576K
}
Event: 33.292 GC heap before
{Heap before GC invocations=33 (full 0):
 garbage-first heap   total 223232K, used 164922K [0x0000000700000000, 0x0000000800000000)
  region size 1024K, 76 young (77824K), 9 survivors (9216K)
 Metaspace       used 36847K, capacity 39473K, committed 39808K, reserved 1083392K
  class space    used 4931K, capacity 5962K, committed 6016K, reserved 1048576K
}
Event: 33.299 GC heap after
{Heap after GC invocations=34 (full 0):
 garbage-first heap   total 223232K, used 104186K [0x0000000700000000, 0x0000000800000000)
  region size 1024K, 10 young (10240K), 10 survivors (10240K)
 Metaspace       used 36847K, capacity 39473K, committed 39808K, reserved 1083392K
  class space    used 4931K, capacity 5962K, committed 6016K, reserved 1048576K
}
Event: 33.349 GC heap before
{Heap before GC invocations=34 (full 0):
 garbage-first heap   total 223232K, used 127738K [0x0000000700000000, 0x0000000800000000)
  region size 1024K, 30 young (30720K), 10 survivors (10240K)
 Metaspace       used 37015K, capacity 39614K, committed 39808K, reserved 1083392K
  class space    used 4935K, capacity 5964K, committed 6016K, reserved 1048576K
}
Event: 33.354 GC heap after
{Heap after GC invocations=35 (full 0):
 garbage-first heap   total 223232K, used 110974K [0x0000000700000000, 0x0000000800000000)
  region size 1024K, 2 young (2048K), 2 survivors (2048K)
 Metaspace       used 37015K, capacity 39614K, committed 39808K, reserved 1083392K
  class space    used 4935K, capacity 5964K, committed 6016K, reserved 1048576K
}
Event: 33.590 GC heap before
{Heap before GC invocations=36 (full 0):
 garbage-first heap   total 223232K, used 219518K [0x0000000700000000, 0x0000000800000000)
  region size 1024K, 58 young (59392K), 2 survivors (2048K)
 Metaspace       used 37170K, capacity 39807K, committed 40064K, reserved 1083392K
  class space    used 4950K, capacity 5964K, committed 6016K, reserved 1048576K
}
Event: 33.595 GC heap after
{Heap after GC invocations=37 (full 0):
 garbage-first heap   total 510976K, used 168900K [0x0000000700000000, 0x0000000800000000)
  region size 1024K, 8 young (8192K), 8 survivors (8192K)
 Metaspace       used 37170K, capacity 39807K, committed 40064K, reserved 1083392K
  class space    used 4950K, capacity 5964K, committed 6016K, reserved 1048576K
}
Event: 33.617 GC heap before
{Heap before GC invocations=37 (full 0):
 garbage-first heap   total 510976K, used 184260K [0x0000000700000000, 0x0000000800000000)
  region size 1024K, 24 young (24576K), 8 survivors (8192K)
 Metaspace       used 37192K, capacity 39811K, committed 40064K, reserved 1083392K
  class space    used 4950K, capacity 5964K, committed 6016K, reserved 1048576K
}
Event: 33.625 GC heap after
{Heap after GC invocations=38 (full 0):
 garbage-first heap   total 510976K, used 101776K [0x0000000700000000, 0x0000000800000000)
  region size 1024K, 3 young (3072K), 3 survivors (3072K)
 Metaspace       used 37192K, capacity 39811K, committed 40064K, reserved 1083392K
  class space    used 4950K, capacity 5964K, committed 6016K, reserved 1048576K
}
Event: 35.910 GC heap before
{Heap before GC invocations=38 (full 0):
 garbage-first heap   total 510976K, used 437648K [0x0000000700000000, 0x0000000800000000)
  region size 1024K, 297 young (304128K), 3 survivors (3072K)
 Metaspace       used 37661K, capacity 40355K, committed 40576K, reserved 1083392K
  class space    used 4972K, capacity 6016K, committed 6016K, reserved 1048576K
}
Event: 35.925 GC heap after
{Heap after GC invocations=39 (full 0):
 garbage-first heap   total 529408K, used 223996K [0x0000000700000000, 0x0000000800000000)
  region size 1024K, 38 young (38912K), 38 survivors (38912K)
 Metaspace       used 37661K, capacity 40355K, committed 40576K, reserved 1083392K
  class space    used 4972K, capacity 6016K, committed 6016K, reserved 1048576K
}

